[2020-12-23 17:22:15] local.ERROR: BadMethodCallException: Method Illuminate\Validation\Validator::validateBail,required does not exist. in /Users/vaso/htdocs/test_igor/weather_history/vendor/illuminate/validation/Validator.php:1395
Stack trace:
#0 /Users/vaso/htdocs/test_igor/weather_history/vendor/illuminate/validation/Validator.php(554): Illuminate\Validation\Validator->__call('validateBail,re...', Array)
#1 /Users/vaso/htdocs/test_igor/weather_history/vendor/illuminate/validation/Validator.php(377): Illuminate\Validation\Validator->validateAttribute('date', 'Bail,required')
#2 /Users/vaso/htdocs/test_igor/weather_history/vendor/illuminate/validation/Validator.php(408): Illuminate\Validation\Validator->passes()
#3 /Users/vaso/htdocs/test_igor/weather_history/vendor/upgate/laravel-jsonrpc/src/Server/RouteDispatcher.php(176): Illuminate\Validation\Validator->fails()
#4 /Users/vaso/htdocs/test_igor/weather_history/vendor/upgate/laravel-jsonrpc/src/Server/RouteDispatcher.php(100): Upgate\LaravelJsonRpc\Server\RouteDispatcher->makeFormRequest('App\\JsonRpcForm...', Object(Upgate\LaravelJsonRpc\Server\RequestParams))
#5 /Users/vaso/htdocs/test_igor/weather_history/vendor/upgate/laravel-jsonrpc/src/Server/RouteDispatcher.php(73): Upgate\LaravelJsonRpc\Server\RouteDispatcher->executeMethod(Object(App\Http\Controllers\WeatherController), Object(ReflectionMethod), Object(Upgate\LaravelJsonRpc\Server\RequestParams))
#6 /Users/vaso/htdocs/test_igor/weather_history/vendor/upgate/laravel-jsonrpc/src/Server/Server.php(174): Upgate\LaravelJsonRpc\Server\RouteDispatcher->dispatch(Object(Upgate\LaravelJsonRpc\Server\Route), Object(Upgate\LaravelJsonRpc\Server\RequestParams))
#7 /Users/vaso/htdocs/test_igor/weather_history/vendor/illuminate/pipeline/Pipeline.php(128): Upgate\LaravelJsonRpc\Server\Server->Upgate\LaravelJsonRpc\Server\{closure}(Object(Laravel\Lumen\Http\Request))
#8 /Users/vaso/htdocs/test_igor/weather_history/vendor/illuminate/pipeline/Pipeline.php(103): Illuminate\Pipeline\Pipeline->Illuminate\Pipeline\{closure}(Object(Laravel\Lumen\Http\Request))
#9 /Users/vaso/htdocs/test_igor/weather_history/vendor/upgate/laravel-jsonrpc/src/Server/MiddlewarePipelineDispatcher.php(37): Illuminate\Pipeline\Pipeline->then(Object(Closure))
#10 /Users/vaso/htdocs/test_igor/weather_history/vendor/upgate/laravel-jsonrpc/src/Server/Server.php(175): Upgate\LaravelJsonRpc\Server\MiddlewarePipelineDispatcher->dispatch(Object(Upgate\LaravelJsonRpc\Server\MiddlewaresCollection), Object(Laravel\Lumen\Http\Request), Object(Closure))
#11 /Users/vaso/htdocs/test_igor/weather_history/vendor/upgate/laravel-jsonrpc/src/Server/Request.php(84): Upgate\LaravelJsonRpc\Server\Server->execute(Object(Upgate\LaravelJsonRpc\Server\Request))
#12 /Users/vaso/htdocs/test_igor/weather_history/vendor/upgate/laravel-jsonrpc/src/Server/Server.php(142): Upgate\LaravelJsonRpc\Server\Request->executeWith(Object(Upgate\LaravelJsonRpc\Server\Server))
#13 /Users/vaso/htdocs/test_igor/weather_history/routes/web.php(31): Upgate\LaravelJsonRpc\Server\Server->run(Object(Laravel\Lumen\Http\Request))
#14 /Users/vaso/htdocs/test_igor/weather_history/vendor/illuminate/container/BoundMethod.php(36): Closure->{closure}(Object(Laravel\Lumen\Http\Request))
#15 /Users/vaso/htdocs/test_igor/weather_history/vendor/illuminate/container/Util.php(40): Illuminate\Container\BoundMethod::Illuminate\Container\{closure}()
#16 /Users/vaso/htdocs/test_igor/weather_history/vendor/illuminate/container/BoundMethod.php(81): Illuminate\Container\Util::unwrapIfClosure(Object(Closure))
#17 /Users/vaso/htdocs/test_igor/weather_history/vendor/illuminate/container/BoundMethod.php(37): Illuminate\Container\BoundMethod::callBoundMethod(Object(Laravel\Lumen\Application), Object(Closure), Object(Closure))
#18 /Users/vaso/htdocs/test_igor/weather_history/vendor/illuminate/container/Container.php(610): Illuminate\Container\BoundMethod::call(Object(Laravel\Lumen\Application), Object(Closure), Array, NULL)
#19 /Users/vaso/htdocs/test_igor/weather_history/vendor/laravel/lumen-framework/src/Concerns/RoutesRequests.php(299): Illuminate\Container\Container->call(Object(Closure), Array)
#20 /Users/vaso/htdocs/test_igor/weather_history/vendor/laravel/lumen-framework/src/Concerns/RoutesRequests.php(264): Laravel\Lumen\Application->callActionOnArrayBasedRoute(Array)
#21 /Users/vaso/htdocs/test_igor/weather_history/vendor/laravel/lumen-framework/src/Concerns/RoutesRequests.php(166): Laravel\Lumen\Application->handleFoundRoute(Array)
#22 /Users/vaso/htdocs/test_igor/weather_history/vendor/laravel/lumen-framework/src/Concerns/RoutesRequests.php(426): Laravel\Lumen\Application->Laravel\Lumen\Concerns\{closure}(Object(Laravel\Lumen\Http\Request))
#23 /Users/vaso/htdocs/test_igor/weather_history/vendor/laravel/lumen-framework/src/Concerns/RoutesRequests.php(172): Laravel\Lumen\Application->sendThroughPipeline(Array, Object(Closure))
#24 /Users/vaso/htdocs/test_igor/weather_history/vendor/laravel/lumen-framework/src/Concerns/RoutesRequests.php(109): Laravel\Lumen\Application->dispatch(NULL)
#25 /Users/vaso/htdocs/test_igor/weather_history/public/index.php(28): Laravel\Lumen\Application->run()
#26 {main}  
[2020-12-23 17:37:27] local.ERROR: Error: Call to a member function connection() on null in /Users/vaso/htdocs/test_igor/weather_history/vendor/illuminate/database/Eloquent/Model.php:1493
Stack trace:
#0 /Users/vaso/htdocs/test_igor/weather_history/vendor/illuminate/database/Eloquent/Model.php(1459): Illuminate\Database\Eloquent\Model::resolveConnection(NULL)
#1 /Users/vaso/htdocs/test_igor/weather_history/vendor/illuminate/database/Eloquent/Model.php(1266): Illuminate\Database\Eloquent\Model->getConnection()
#2 /Users/vaso/htdocs/test_igor/weather_history/vendor/illuminate/database/Eloquent/Model.php(1183): Illuminate\Database\Eloquent\Model->newBaseQueryBuilder()
#3 /Users/vaso/htdocs/test_igor/weather_history/vendor/illuminate/database/Eloquent/Model.php(1219): Illuminate\Database\Eloquent\Model->newModelQuery()
#4 /Users/vaso/htdocs/test_igor/weather_history/vendor/illuminate/database/Eloquent/Model.php(1172): Illuminate\Database\Eloquent\Model->newQueryWithoutScopes()
#5 /Users/vaso/htdocs/test_igor/weather_history/vendor/illuminate/database/Eloquent/Model.php(1162): Illuminate\Database\Eloquent\Model->newQuery()
#6 /Users/vaso/htdocs/test_igor/weather_history/app/Services/WeatherService.php(17): Illuminate\Database\Eloquent\Model::query()
#7 /Users/vaso/htdocs/test_igor/weather_history/app/Http/Controllers/WeatherController.php(20): App\Services\WeatherService->getByDate(Object(Carbon\Carbon))
#8 [internal function]: App\Http\Controllers\WeatherController->getByDate(Object(App\JsonRpcFormRequest\WeatherJsonRpcFormRequest))
#9 /Users/vaso/htdocs/test_igor/weather_history/vendor/upgate/laravel-jsonrpc/src/Server/RouteDispatcher.php(138): ReflectionMethod->invokeArgs(Object(App\Http\Controllers\WeatherController), Array)
#10 /Users/vaso/htdocs/test_igor/weather_history/vendor/upgate/laravel-jsonrpc/src/Server/RouteDispatcher.php(73): Upgate\LaravelJsonRpc\Server\RouteDispatcher->executeMethod(Object(App\Http\Controllers\WeatherController), Object(ReflectionMethod), Object(Upgate\LaravelJsonRpc\Server\RequestParams))
#11 /Users/vaso/htdocs/test_igor/weather_history/vendor/upgate/laravel-jsonrpc/src/Server/Server.php(174): Upgate\LaravelJsonRpc\Server\RouteDispatcher->dispatch(Object(Upgate\LaravelJsonRpc\Server\Route), Object(Upgate\LaravelJsonRpc\Server\RequestParams))
#12 /Users/vaso/htdocs/test_igor/weather_history/vendor/illuminate/pipeline/Pipeline.php(128): Upgate\LaravelJsonRpc\Server\Server->Upgate\LaravelJsonRpc\Server\{closure}(Object(Laravel\Lumen\Http\Request))
#13 /Users/vaso/htdocs/test_igor/weather_history/vendor/illuminate/pipeline/Pipeline.php(103): Illuminate\Pipeline\Pipeline->Illuminate\Pipeline\{closure}(Object(Laravel\Lumen\Http\Request))
#14 /Users/vaso/htdocs/test_igor/weather_history/vendor/upgate/laravel-jsonrpc/src/Server/MiddlewarePipelineDispatcher.php(37): Illuminate\Pipeline\Pipeline->then(Object(Closure))
#15 /Users/vaso/htdocs/test_igor/weather_history/vendor/upgate/laravel-jsonrpc/src/Server/Server.php(175): Upgate\LaravelJsonRpc\Server\MiddlewarePipelineDispatcher->dispatch(Object(Upgate\LaravelJsonRpc\Server\MiddlewaresCollection), Object(Laravel\Lumen\Http\Request), Object(Closure))
#16 /Users/vaso/htdocs/test_igor/weather_history/vendor/upgate/laravel-jsonrpc/src/Server/Request.php(84): Upgate\LaravelJsonRpc\Server\Server->execute(Object(Upgate\LaravelJsonRpc\Server\Request))
#17 /Users/vaso/htdocs/test_igor/weather_history/vendor/upgate/laravel-jsonrpc/src/Server/Server.php(142): Upgate\LaravelJsonRpc\Server\Request->executeWith(Object(Upgate\LaravelJsonRpc\Server\Server))
#18 /Users/vaso/htdocs/test_igor/weather_history/routes/web.php(31): Upgate\LaravelJsonRpc\Server\Server->run(Object(Laravel\Lumen\Http\Request))
#19 /Users/vaso/htdocs/test_igor/weather_history/vendor/illuminate/container/BoundMethod.php(36): Closure->{closure}(Object(Laravel\Lumen\Http\Request))
#20 /Users/vaso/htdocs/test_igor/weather_history/vendor/illuminate/container/Util.php(40): Illuminate\Container\BoundMethod::Illuminate\Container\{closure}()
#21 /Users/vaso/htdocs/test_igor/weather_history/vendor/illuminate/container/BoundMethod.php(81): Illuminate\Container\Util::unwrapIfClosure(Object(Closure))
#22 /Users/vaso/htdocs/test_igor/weather_history/vendor/illuminate/container/BoundMethod.php(37): Illuminate\Container\BoundMethod::callBoundMethod(Object(Laravel\Lumen\Application), Object(Closure), Object(Closure))
#23 /Users/vaso/htdocs/test_igor/weather_history/vendor/illuminate/container/Container.php(610): Illuminate\Container\BoundMethod::call(Object(Laravel\Lumen\Application), Object(Closure), Array, NULL)
#24 /Users/vaso/htdocs/test_igor/weather_history/vendor/laravel/lumen-framework/src/Concerns/RoutesRequests.php(299): Illuminate\Container\Container->call(Object(Closure), Array)
#25 /Users/vaso/htdocs/test_igor/weather_history/vendor/laravel/lumen-framework/src/Concerns/RoutesRequests.php(264): Laravel\Lumen\Application->callActionOnArrayBasedRoute(Array)
#26 /Users/vaso/htdocs/test_igor/weather_history/vendor/laravel/lumen-framework/src/Concerns/RoutesRequests.php(166): Laravel\Lumen\Application->handleFoundRoute(Array)
#27 /Users/vaso/htdocs/test_igor/weather_history/vendor/laravel/lumen-framework/src/Concerns/RoutesRequests.php(426): Laravel\Lumen\Application->Laravel\Lumen\Concerns\{closure}(Object(Laravel\Lumen\Http\Request))
#28 /Users/vaso/htdocs/test_igor/weather_history/vendor/laravel/lumen-framework/src/Concerns/RoutesRequests.php(172): Laravel\Lumen\Application->sendThroughPipeline(Array, Object(Closure))
#29 /Users/vaso/htdocs/test_igor/weather_history/vendor/laravel/lumen-framework/src/Concerns/RoutesRequests.php(109): Laravel\Lumen\Application->dispatch(NULL)
#30 /Users/vaso/htdocs/test_igor/weather_history/public/index.php(28): Laravel\Lumen\Application->run()
#31 {main}  
[2020-12-23 17:37:41] local.ERROR: Error: Call to a member function connection() on null in /Users/vaso/htdocs/test_igor/weather_history/vendor/illuminate/database/Eloquent/Model.php:1493
Stack trace:
#0 /Users/vaso/htdocs/test_igor/weather_history/vendor/illuminate/database/Eloquent/Model.php(1459): Illuminate\Database\Eloquent\Model::resolveConnection(NULL)
#1 /Users/vaso/htdocs/test_igor/weather_history/vendor/illuminate/database/Eloquent/Model.php(1266): Illuminate\Database\Eloquent\Model->getConnection()
#2 /Users/vaso/htdocs/test_igor/weather_history/vendor/illuminate/database/Eloquent/Model.php(1183): Illuminate\Database\Eloquent\Model->newBaseQueryBuilder()
#3 /Users/vaso/htdocs/test_igor/weather_history/vendor/illuminate/database/Eloquent/Model.php(1219): Illuminate\Database\Eloquent\Model->newModelQuery()
#4 /Users/vaso/htdocs/test_igor/weather_history/vendor/illuminate/database/Eloquent/Model.php(1172): Illuminate\Database\Eloquent\Model->newQueryWithoutScopes()
#5 /Users/vaso/htdocs/test_igor/weather_history/vendor/illuminate/database/Eloquent/Model.php(1162): Illuminate\Database\Eloquent\Model->newQuery()
#6 /Users/vaso/htdocs/test_igor/weather_history/app/Services/WeatherService.php(17): Illuminate\Database\Eloquent\Model::query()
#7 /Users/vaso/htdocs/test_igor/weather_history/app/Http/Controllers/WeatherController.php(20): App\Services\WeatherService->getByDate(Object(Carbon\Carbon))
#8 [internal function]: App\Http\Controllers\WeatherController->getByDate(Object(App\JsonRpcFormRequest\WeatherJsonRpcFormRequest))
#9 /Users/vaso/htdocs/test_igor/weather_history/vendor/upgate/laravel-jsonrpc/src/Server/RouteDispatcher.php(138): ReflectionMethod->invokeArgs(Object(App\Http\Controllers\WeatherController), Array)
#10 /Users/vaso/htdocs/test_igor/weather_history/vendor/upgate/laravel-jsonrpc/src/Server/RouteDispatcher.php(73): Upgate\LaravelJsonRpc\Server\RouteDispatcher->executeMethod(Object(App\Http\Controllers\WeatherController), Object(ReflectionMethod), Object(Upgate\LaravelJsonRpc\Server\RequestParams))
#11 /Users/vaso/htdocs/test_igor/weather_history/vendor/upgate/laravel-jsonrpc/src/Server/Server.php(174): Upgate\LaravelJsonRpc\Server\RouteDispatcher->dispatch(Object(Upgate\LaravelJsonRpc\Server\Route), Object(Upgate\LaravelJsonRpc\Server\RequestParams))
#12 /Users/vaso/htdocs/test_igor/weather_history/vendor/illuminate/pipeline/Pipeline.php(128): Upgate\LaravelJsonRpc\Server\Server->Upgate\LaravelJsonRpc\Server\{closure}(Object(Laravel\Lumen\Http\Request))
#13 /Users/vaso/htdocs/test_igor/weather_history/vendor/illuminate/pipeline/Pipeline.php(103): Illuminate\Pipeline\Pipeline->Illuminate\Pipeline\{closure}(Object(Laravel\Lumen\Http\Request))
#14 /Users/vaso/htdocs/test_igor/weather_history/vendor/upgate/laravel-jsonrpc/src/Server/MiddlewarePipelineDispatcher.php(37): Illuminate\Pipeline\Pipeline->then(Object(Closure))
#15 /Users/vaso/htdocs/test_igor/weather_history/vendor/upgate/laravel-jsonrpc/src/Server/Server.php(175): Upgate\LaravelJsonRpc\Server\MiddlewarePipelineDispatcher->dispatch(Object(Upgate\LaravelJsonRpc\Server\MiddlewaresCollection), Object(Laravel\Lumen\Http\Request), Object(Closure))
#16 /Users/vaso/htdocs/test_igor/weather_history/vendor/upgate/laravel-jsonrpc/src/Server/Request.php(84): Upgate\LaravelJsonRpc\Server\Server->execute(Object(Upgate\LaravelJsonRpc\Server\Request))
#17 /Users/vaso/htdocs/test_igor/weather_history/vendor/upgate/laravel-jsonrpc/src/Server/Server.php(142): Upgate\LaravelJsonRpc\Server\Request->executeWith(Object(Upgate\LaravelJsonRpc\Server\Server))
#18 /Users/vaso/htdocs/test_igor/weather_history/routes/web.php(31): Upgate\LaravelJsonRpc\Server\Server->run(Object(Laravel\Lumen\Http\Request))
#19 /Users/vaso/htdocs/test_igor/weather_history/vendor/illuminate/container/BoundMethod.php(36): Closure->{closure}(Object(Laravel\Lumen\Http\Request))
#20 /Users/vaso/htdocs/test_igor/weather_history/vendor/illuminate/container/Util.php(40): Illuminate\Container\BoundMethod::Illuminate\Container\{closure}()
#21 /Users/vaso/htdocs/test_igor/weather_history/vendor/illuminate/container/BoundMethod.php(81): Illuminate\Container\Util::unwrapIfClosure(Object(Closure))
#22 /Users/vaso/htdocs/test_igor/weather_history/vendor/illuminate/container/BoundMethod.php(37): Illuminate\Container\BoundMethod::callBoundMethod(Object(Laravel\Lumen\Application), Object(Closure), Object(Closure))
#23 /Users/vaso/htdocs/test_igor/weather_history/vendor/illuminate/container/Container.php(610): Illuminate\Container\BoundMethod::call(Object(Laravel\Lumen\Application), Object(Closure), Array, NULL)
#24 /Users/vaso/htdocs/test_igor/weather_history/vendor/laravel/lumen-framework/src/Concerns/RoutesRequests.php(299): Illuminate\Container\Container->call(Object(Closure), Array)
#25 /Users/vaso/htdocs/test_igor/weather_history/vendor/laravel/lumen-framework/src/Concerns/RoutesRequests.php(264): Laravel\Lumen\Application->callActionOnArrayBasedRoute(Array)
#26 /Users/vaso/htdocs/test_igor/weather_history/vendor/laravel/lumen-framework/src/Concerns/RoutesRequests.php(166): Laravel\Lumen\Application->handleFoundRoute(Array)
#27 /Users/vaso/htdocs/test_igor/weather_history/vendor/laravel/lumen-framework/src/Concerns/RoutesRequests.php(426): Laravel\Lumen\Application->Laravel\Lumen\Concerns\{closure}(Object(Laravel\Lumen\Http\Request))
#28 /Users/vaso/htdocs/test_igor/weather_history/vendor/laravel/lumen-framework/src/Concerns/RoutesRequests.php(172): Laravel\Lumen\Application->sendThroughPipeline(Array, Object(Closure))
#29 /Users/vaso/htdocs/test_igor/weather_history/vendor/laravel/lumen-framework/src/Concerns/RoutesRequests.php(109): Laravel\Lumen\Application->dispatch(NULL)
#30 /Users/vaso/htdocs/test_igor/weather_history/public/index.php(28): Laravel\Lumen\Application->run()
#31 {main}  
[2020-12-23 17:38:19] local.ERROR: Error: Call to a member function connection() on null in /Users/vaso/htdocs/test_igor/weather_history/vendor/illuminate/database/Eloquent/Model.php:1493
Stack trace:
#0 /Users/vaso/htdocs/test_igor/weather_history/vendor/illuminate/database/Eloquent/Model.php(1459): Illuminate\Database\Eloquent\Model::resolveConnection(NULL)
#1 /Users/vaso/htdocs/test_igor/weather_history/vendor/illuminate/database/Eloquent/Model.php(1266): Illuminate\Database\Eloquent\Model->getConnection()
#2 /Users/vaso/htdocs/test_igor/weather_history/vendor/illuminate/database/Eloquent/Model.php(1183): Illuminate\Database\Eloquent\Model->newBaseQueryBuilder()
#3 /Users/vaso/htdocs/test_igor/weather_history/vendor/illuminate/database/Eloquent/Model.php(1219): Illuminate\Database\Eloquent\Model->newModelQuery()
#4 /Users/vaso/htdocs/test_igor/weather_history/vendor/illuminate/database/Eloquent/Model.php(1172): Illuminate\Database\Eloquent\Model->newQueryWithoutScopes()
#5 /Users/vaso/htdocs/test_igor/weather_history/vendor/illuminate/database/Eloquent/Model.php(1162): Illuminate\Database\Eloquent\Model->newQuery()
#6 /Users/vaso/htdocs/test_igor/weather_history/app/Services/WeatherService.php(17): Illuminate\Database\Eloquent\Model::query()
#7 /Users/vaso/htdocs/test_igor/weather_history/app/Http/Controllers/WeatherController.php(20): App\Services\WeatherService->getByDate(Object(Carbon\Carbon))
#8 [internal function]: App\Http\Controllers\WeatherController->getByDate(Object(App\JsonRpcFormRequest\WeatherJsonRpcFormRequest))
#9 /Users/vaso/htdocs/test_igor/weather_history/vendor/upgate/laravel-jsonrpc/src/Server/RouteDispatcher.php(138): ReflectionMethod->invokeArgs(Object(App\Http\Controllers\WeatherController), Array)
#10 /Users/vaso/htdocs/test_igor/weather_history/vendor/upgate/laravel-jsonrpc/src/Server/RouteDispatcher.php(73): Upgate\LaravelJsonRpc\Server\RouteDispatcher->executeMethod(Object(App\Http\Controllers\WeatherController), Object(ReflectionMethod), Object(Upgate\LaravelJsonRpc\Server\RequestParams))
#11 /Users/vaso/htdocs/test_igor/weather_history/vendor/upgate/laravel-jsonrpc/src/Server/Server.php(174): Upgate\LaravelJsonRpc\Server\RouteDispatcher->dispatch(Object(Upgate\LaravelJsonRpc\Server\Route), Object(Upgate\LaravelJsonRpc\Server\RequestParams))
#12 /Users/vaso/htdocs/test_igor/weather_history/vendor/illuminate/pipeline/Pipeline.php(128): Upgate\LaravelJsonRpc\Server\Server->Upgate\LaravelJsonRpc\Server\{closure}(Object(Laravel\Lumen\Http\Request))
#13 /Users/vaso/htdocs/test_igor/weather_history/vendor/illuminate/pipeline/Pipeline.php(103): Illuminate\Pipeline\Pipeline->Illuminate\Pipeline\{closure}(Object(Laravel\Lumen\Http\Request))
#14 /Users/vaso/htdocs/test_igor/weather_history/vendor/upgate/laravel-jsonrpc/src/Server/MiddlewarePipelineDispatcher.php(37): Illuminate\Pipeline\Pipeline->then(Object(Closure))
#15 /Users/vaso/htdocs/test_igor/weather_history/vendor/upgate/laravel-jsonrpc/src/Server/Server.php(175): Upgate\LaravelJsonRpc\Server\MiddlewarePipelineDispatcher->dispatch(Object(Upgate\LaravelJsonRpc\Server\MiddlewaresCollection), Object(Laravel\Lumen\Http\Request), Object(Closure))
#16 /Users/vaso/htdocs/test_igor/weather_history/vendor/upgate/laravel-jsonrpc/src/Server/Request.php(84): Upgate\LaravelJsonRpc\Server\Server->execute(Object(Upgate\LaravelJsonRpc\Server\Request))
#17 /Users/vaso/htdocs/test_igor/weather_history/vendor/upgate/laravel-jsonrpc/src/Server/Server.php(142): Upgate\LaravelJsonRpc\Server\Request->executeWith(Object(Upgate\LaravelJsonRpc\Server\Server))
#18 /Users/vaso/htdocs/test_igor/weather_history/routes/web.php(31): Upgate\LaravelJsonRpc\Server\Server->run(Object(Laravel\Lumen\Http\Request))
#19 /Users/vaso/htdocs/test_igor/weather_history/vendor/illuminate/container/BoundMethod.php(36): Closure->{closure}(Object(Laravel\Lumen\Http\Request))
#20 /Users/vaso/htdocs/test_igor/weather_history/vendor/illuminate/container/Util.php(40): Illuminate\Container\BoundMethod::Illuminate\Container\{closure}()
#21 /Users/vaso/htdocs/test_igor/weather_history/vendor/illuminate/container/BoundMethod.php(81): Illuminate\Container\Util::unwrapIfClosure(Object(Closure))
#22 /Users/vaso/htdocs/test_igor/weather_history/vendor/illuminate/container/BoundMethod.php(37): Illuminate\Container\BoundMethod::callBoundMethod(Object(Laravel\Lumen\Application), Object(Closure), Object(Closure))
#23 /Users/vaso/htdocs/test_igor/weather_history/vendor/illuminate/container/Container.php(610): Illuminate\Container\BoundMethod::call(Object(Laravel\Lumen\Application), Object(Closure), Array, NULL)
#24 /Users/vaso/htdocs/test_igor/weather_history/vendor/laravel/lumen-framework/src/Concerns/RoutesRequests.php(299): Illuminate\Container\Container->call(Object(Closure), Array)
#25 /Users/vaso/htdocs/test_igor/weather_history/vendor/laravel/lumen-framework/src/Concerns/RoutesRequests.php(264): Laravel\Lumen\Application->callActionOnArrayBasedRoute(Array)
#26 /Users/vaso/htdocs/test_igor/weather_history/vendor/laravel/lumen-framework/src/Concerns/RoutesRequests.php(166): Laravel\Lumen\Application->handleFoundRoute(Array)
#27 /Users/vaso/htdocs/test_igor/weather_history/vendor/laravel/lumen-framework/src/Concerns/RoutesRequests.php(426): Laravel\Lumen\Application->Laravel\Lumen\Concerns\{closure}(Object(Laravel\Lumen\Http\Request))
#28 /Users/vaso/htdocs/test_igor/weather_history/vendor/laravel/lumen-framework/src/Concerns/RoutesRequests.php(172): Laravel\Lumen\Application->sendThroughPipeline(Array, Object(Closure))
#29 /Users/vaso/htdocs/test_igor/weather_history/vendor/laravel/lumen-framework/src/Concerns/RoutesRequests.php(109): Laravel\Lumen\Application->dispatch(NULL)
#30 /Users/vaso/htdocs/test_igor/weather_history/public/index.php(28): Laravel\Lumen\Application->run()
#31 {main}  
[2020-12-23 17:38:33] local.ERROR: Error: Call to a member function connection() on null in /Users/vaso/htdocs/test_igor/weather_history/vendor/illuminate/database/Eloquent/Model.php:1493
Stack trace:
#0 /Users/vaso/htdocs/test_igor/weather_history/vendor/illuminate/database/Eloquent/Model.php(1459): Illuminate\Database\Eloquent\Model::resolveConnection(NULL)
#1 /Users/vaso/htdocs/test_igor/weather_history/vendor/illuminate/database/Eloquent/Model.php(1266): Illuminate\Database\Eloquent\Model->getConnection()
#2 /Users/vaso/htdocs/test_igor/weather_history/vendor/illuminate/database/Eloquent/Model.php(1183): Illuminate\Database\Eloquent\Model->newBaseQueryBuilder()
#3 /Users/vaso/htdocs/test_igor/weather_history/vendor/illuminate/database/Eloquent/Model.php(1219): Illuminate\Database\Eloquent\Model->newModelQuery()
#4 /Users/vaso/htdocs/test_igor/weather_history/vendor/illuminate/database/Eloquent/Model.php(1172): Illuminate\Database\Eloquent\Model->newQueryWithoutScopes()
#5 /Users/vaso/htdocs/test_igor/weather_history/vendor/illuminate/database/Eloquent/Model.php(1162): Illuminate\Database\Eloquent\Model->newQuery()
#6 /Users/vaso/htdocs/test_igor/weather_history/app/Services/WeatherService.php(17): Illuminate\Database\Eloquent\Model::query()
#7 /Users/vaso/htdocs/test_igor/weather_history/app/Http/Controllers/WeatherController.php(20): App\Services\WeatherService->getByDate(Object(Carbon\Carbon))
#8 [internal function]: App\Http\Controllers\WeatherController->getByDate(Object(App\JsonRpcFormRequest\WeatherJsonRpcFormRequest))
#9 /Users/vaso/htdocs/test_igor/weather_history/vendor/upgate/laravel-jsonrpc/src/Server/RouteDispatcher.php(138): ReflectionMethod->invokeArgs(Object(App\Http\Controllers\WeatherController), Array)
#10 /Users/vaso/htdocs/test_igor/weather_history/vendor/upgate/laravel-jsonrpc/src/Server/RouteDispatcher.php(73): Upgate\LaravelJsonRpc\Server\RouteDispatcher->executeMethod(Object(App\Http\Controllers\WeatherController), Object(ReflectionMethod), Object(Upgate\LaravelJsonRpc\Server\RequestParams))
#11 /Users/vaso/htdocs/test_igor/weather_history/vendor/upgate/laravel-jsonrpc/src/Server/Server.php(174): Upgate\LaravelJsonRpc\Server\RouteDispatcher->dispatch(Object(Upgate\LaravelJsonRpc\Server\Route), Object(Upgate\LaravelJsonRpc\Server\RequestParams))
#12 /Users/vaso/htdocs/test_igor/weather_history/vendor/illuminate/pipeline/Pipeline.php(128): Upgate\LaravelJsonRpc\Server\Server->Upgate\LaravelJsonRpc\Server\{closure}(Object(Laravel\Lumen\Http\Request))
#13 /Users/vaso/htdocs/test_igor/weather_history/vendor/illuminate/pipeline/Pipeline.php(103): Illuminate\Pipeline\Pipeline->Illuminate\Pipeline\{closure}(Object(Laravel\Lumen\Http\Request))
#14 /Users/vaso/htdocs/test_igor/weather_history/vendor/upgate/laravel-jsonrpc/src/Server/MiddlewarePipelineDispatcher.php(37): Illuminate\Pipeline\Pipeline->then(Object(Closure))
#15 /Users/vaso/htdocs/test_igor/weather_history/vendor/upgate/laravel-jsonrpc/src/Server/Server.php(175): Upgate\LaravelJsonRpc\Server\MiddlewarePipelineDispatcher->dispatch(Object(Upgate\LaravelJsonRpc\Server\MiddlewaresCollection), Object(Laravel\Lumen\Http\Request), Object(Closure))
#16 /Users/vaso/htdocs/test_igor/weather_history/vendor/upgate/laravel-jsonrpc/src/Server/Request.php(84): Upgate\LaravelJsonRpc\Server\Server->execute(Object(Upgate\LaravelJsonRpc\Server\Request))
#17 /Users/vaso/htdocs/test_igor/weather_history/vendor/upgate/laravel-jsonrpc/src/Server/Server.php(142): Upgate\LaravelJsonRpc\Server\Request->executeWith(Object(Upgate\LaravelJsonRpc\Server\Server))
#18 /Users/vaso/htdocs/test_igor/weather_history/routes/web.php(31): Upgate\LaravelJsonRpc\Server\Server->run(Object(Laravel\Lumen\Http\Request))
#19 /Users/vaso/htdocs/test_igor/weather_history/vendor/illuminate/container/BoundMethod.php(36): Closure->{closure}(Object(Laravel\Lumen\Http\Request))
#20 /Users/vaso/htdocs/test_igor/weather_history/vendor/illuminate/container/Util.php(40): Illuminate\Container\BoundMethod::Illuminate\Container\{closure}()
#21 /Users/vaso/htdocs/test_igor/weather_history/vendor/illuminate/container/BoundMethod.php(81): Illuminate\Container\Util::unwrapIfClosure(Object(Closure))
#22 /Users/vaso/htdocs/test_igor/weather_history/vendor/illuminate/container/BoundMethod.php(37): Illuminate\Container\BoundMethod::callBoundMethod(Object(Laravel\Lumen\Application), Object(Closure), Object(Closure))
#23 /Users/vaso/htdocs/test_igor/weather_history/vendor/illuminate/container/Container.php(610): Illuminate\Container\BoundMethod::call(Object(Laravel\Lumen\Application), Object(Closure), Array, NULL)
#24 /Users/vaso/htdocs/test_igor/weather_history/vendor/laravel/lumen-framework/src/Concerns/RoutesRequests.php(299): Illuminate\Container\Container->call(Object(Closure), Array)
#25 /Users/vaso/htdocs/test_igor/weather_history/vendor/laravel/lumen-framework/src/Concerns/RoutesRequests.php(264): Laravel\Lumen\Application->callActionOnArrayBasedRoute(Array)
#26 /Users/vaso/htdocs/test_igor/weather_history/vendor/laravel/lumen-framework/src/Concerns/RoutesRequests.php(166): Laravel\Lumen\Application->handleFoundRoute(Array)
#27 /Users/vaso/htdocs/test_igor/weather_history/vendor/laravel/lumen-framework/src/Concerns/RoutesRequests.php(426): Laravel\Lumen\Application->Laravel\Lumen\Concerns\{closure}(Object(Laravel\Lumen\Http\Request))
#28 /Users/vaso/htdocs/test_igor/weather_history/vendor/laravel/lumen-framework/src/Concerns/RoutesRequests.php(172): Laravel\Lumen\Application->sendThroughPipeline(Array, Object(Closure))
#29 /Users/vaso/htdocs/test_igor/weather_history/vendor/laravel/lumen-framework/src/Concerns/RoutesRequests.php(109): Laravel\Lumen\Application->dispatch(NULL)
#30 /Users/vaso/htdocs/test_igor/weather_history/public/index.php(28): Laravel\Lumen\Application->run()
#31 {main}  
[2020-12-23 17:38:39] local.ERROR: Error: Call to a member function connection() on null in /Users/vaso/htdocs/test_igor/weather_history/vendor/illuminate/database/Eloquent/Model.php:1493
Stack trace:
#0 /Users/vaso/htdocs/test_igor/weather_history/vendor/illuminate/database/Eloquent/Model.php(1459): Illuminate\Database\Eloquent\Model::resolveConnection(NULL)
#1 /Users/vaso/htdocs/test_igor/weather_history/vendor/illuminate/database/Eloquent/Model.php(1266): Illuminate\Database\Eloquent\Model->getConnection()
#2 /Users/vaso/htdocs/test_igor/weather_history/vendor/illuminate/database/Eloquent/Model.php(1183): Illuminate\Database\Eloquent\Model->newBaseQueryBuilder()
#3 /Users/vaso/htdocs/test_igor/weather_history/vendor/illuminate/database/Eloquent/Model.php(1219): Illuminate\Database\Eloquent\Model->newModelQuery()
#4 /Users/vaso/htdocs/test_igor/weather_history/vendor/illuminate/database/Eloquent/Model.php(1172): Illuminate\Database\Eloquent\Model->newQueryWithoutScopes()
#5 /Users/vaso/htdocs/test_igor/weather_history/vendor/illuminate/database/Eloquent/Model.php(1162): Illuminate\Database\Eloquent\Model->newQuery()
#6 /Users/vaso/htdocs/test_igor/weather_history/app/Services/WeatherService.php(17): Illuminate\Database\Eloquent\Model::query()
#7 /Users/vaso/htdocs/test_igor/weather_history/app/Http/Controllers/WeatherController.php(20): App\Services\WeatherService->getByDate(Object(Carbon\Carbon))
#8 [internal function]: App\Http\Controllers\WeatherController->getByDate(Object(App\JsonRpcFormRequest\WeatherJsonRpcFormRequest))
#9 /Users/vaso/htdocs/test_igor/weather_history/vendor/upgate/laravel-jsonrpc/src/Server/RouteDispatcher.php(138): ReflectionMethod->invokeArgs(Object(App\Http\Controllers\WeatherController), Array)
#10 /Users/vaso/htdocs/test_igor/weather_history/vendor/upgate/laravel-jsonrpc/src/Server/RouteDispatcher.php(73): Upgate\LaravelJsonRpc\Server\RouteDispatcher->executeMethod(Object(App\Http\Controllers\WeatherController), Object(ReflectionMethod), Object(Upgate\LaravelJsonRpc\Server\RequestParams))
#11 /Users/vaso/htdocs/test_igor/weather_history/vendor/upgate/laravel-jsonrpc/src/Server/Server.php(174): Upgate\LaravelJsonRpc\Server\RouteDispatcher->dispatch(Object(Upgate\LaravelJsonRpc\Server\Route), Object(Upgate\LaravelJsonRpc\Server\RequestParams))
#12 /Users/vaso/htdocs/test_igor/weather_history/vendor/illuminate/pipeline/Pipeline.php(128): Upgate\LaravelJsonRpc\Server\Server->Upgate\LaravelJsonRpc\Server\{closure}(Object(Laravel\Lumen\Http\Request))
#13 /Users/vaso/htdocs/test_igor/weather_history/vendor/illuminate/pipeline/Pipeline.php(103): Illuminate\Pipeline\Pipeline->Illuminate\Pipeline\{closure}(Object(Laravel\Lumen\Http\Request))
#14 /Users/vaso/htdocs/test_igor/weather_history/vendor/upgate/laravel-jsonrpc/src/Server/MiddlewarePipelineDispatcher.php(37): Illuminate\Pipeline\Pipeline->then(Object(Closure))
#15 /Users/vaso/htdocs/test_igor/weather_history/vendor/upgate/laravel-jsonrpc/src/Server/Server.php(175): Upgate\LaravelJsonRpc\Server\MiddlewarePipelineDispatcher->dispatch(Object(Upgate\LaravelJsonRpc\Server\MiddlewaresCollection), Object(Laravel\Lumen\Http\Request), Object(Closure))
#16 /Users/vaso/htdocs/test_igor/weather_history/vendor/upgate/laravel-jsonrpc/src/Server/Request.php(84): Upgate\LaravelJsonRpc\Server\Server->execute(Object(Upgate\LaravelJsonRpc\Server\Request))
#17 /Users/vaso/htdocs/test_igor/weather_history/vendor/upgate/laravel-jsonrpc/src/Server/Server.php(142): Upgate\LaravelJsonRpc\Server\Request->executeWith(Object(Upgate\LaravelJsonRpc\Server\Server))
#18 /Users/vaso/htdocs/test_igor/weather_history/routes/web.php(31): Upgate\LaravelJsonRpc\Server\Server->run(Object(Laravel\Lumen\Http\Request))
#19 /Users/vaso/htdocs/test_igor/weather_history/vendor/illuminate/container/BoundMethod.php(36): Closure->{closure}(Object(Laravel\Lumen\Http\Request))
#20 /Users/vaso/htdocs/test_igor/weather_history/vendor/illuminate/container/Util.php(40): Illuminate\Container\BoundMethod::Illuminate\Container\{closure}()
#21 /Users/vaso/htdocs/test_igor/weather_history/vendor/illuminate/container/BoundMethod.php(81): Illuminate\Container\Util::unwrapIfClosure(Object(Closure))
#22 /Users/vaso/htdocs/test_igor/weather_history/vendor/illuminate/container/BoundMethod.php(37): Illuminate\Container\BoundMethod::callBoundMethod(Object(Laravel\Lumen\Application), Object(Closure), Object(Closure))
#23 /Users/vaso/htdocs/test_igor/weather_history/vendor/illuminate/container/Container.php(610): Illuminate\Container\BoundMethod::call(Object(Laravel\Lumen\Application), Object(Closure), Array, NULL)
#24 /Users/vaso/htdocs/test_igor/weather_history/vendor/laravel/lumen-framework/src/Concerns/RoutesRequests.php(299): Illuminate\Container\Container->call(Object(Closure), Array)
#25 /Users/vaso/htdocs/test_igor/weather_history/vendor/laravel/lumen-framework/src/Concerns/RoutesRequests.php(264): Laravel\Lumen\Application->callActionOnArrayBasedRoute(Array)
#26 /Users/vaso/htdocs/test_igor/weather_history/vendor/laravel/lumen-framework/src/Concerns/RoutesRequests.php(166): Laravel\Lumen\Application->handleFoundRoute(Array)
#27 /Users/vaso/htdocs/test_igor/weather_history/vendor/laravel/lumen-framework/src/Concerns/RoutesRequests.php(426): Laravel\Lumen\Application->Laravel\Lumen\Concerns\{closure}(Object(Laravel\Lumen\Http\Request))
#28 /Users/vaso/htdocs/test_igor/weather_history/vendor/laravel/lumen-framework/src/Concerns/RoutesRequests.php(172): Laravel\Lumen\Application->sendThroughPipeline(Array, Object(Closure))
#29 /Users/vaso/htdocs/test_igor/weather_history/vendor/laravel/lumen-framework/src/Concerns/RoutesRequests.php(109): Laravel\Lumen\Application->dispatch(NULL)
#30 /Users/vaso/htdocs/test_igor/weather_history/public/index.php(28): Laravel\Lumen\Application->run()
#31 {main}  
[2020-12-23 17:38:43] local.ERROR: Error: Call to a member function connection() on null in /Users/vaso/htdocs/test_igor/weather_history/vendor/illuminate/database/Eloquent/Model.php:1493
Stack trace:
#0 /Users/vaso/htdocs/test_igor/weather_history/vendor/illuminate/database/Eloquent/Model.php(1459): Illuminate\Database\Eloquent\Model::resolveConnection(NULL)
#1 /Users/vaso/htdocs/test_igor/weather_history/vendor/illuminate/database/Eloquent/Model.php(1266): Illuminate\Database\Eloquent\Model->getConnection()
#2 /Users/vaso/htdocs/test_igor/weather_history/vendor/illuminate/database/Eloquent/Model.php(1183): Illuminate\Database\Eloquent\Model->newBaseQueryBuilder()
#3 /Users/vaso/htdocs/test_igor/weather_history/vendor/illuminate/database/Eloquent/Model.php(1219): Illuminate\Database\Eloquent\Model->newModelQuery()
#4 /Users/vaso/htdocs/test_igor/weather_history/vendor/illuminate/database/Eloquent/Model.php(1172): Illuminate\Database\Eloquent\Model->newQueryWithoutScopes()
#5 /Users/vaso/htdocs/test_igor/weather_history/vendor/illuminate/database/Eloquent/Model.php(1162): Illuminate\Database\Eloquent\Model->newQuery()
#6 /Users/vaso/htdocs/test_igor/weather_history/app/Services/WeatherService.php(17): Illuminate\Database\Eloquent\Model::query()
#7 /Users/vaso/htdocs/test_igor/weather_history/app/Http/Controllers/WeatherController.php(20): App\Services\WeatherService->getByDate(Object(Carbon\Carbon))
#8 [internal function]: App\Http\Controllers\WeatherController->getByDate(Object(App\JsonRpcFormRequest\WeatherJsonRpcFormRequest))
#9 /Users/vaso/htdocs/test_igor/weather_history/vendor/upgate/laravel-jsonrpc/src/Server/RouteDispatcher.php(138): ReflectionMethod->invokeArgs(Object(App\Http\Controllers\WeatherController), Array)
#10 /Users/vaso/htdocs/test_igor/weather_history/vendor/upgate/laravel-jsonrpc/src/Server/RouteDispatcher.php(73): Upgate\LaravelJsonRpc\Server\RouteDispatcher->executeMethod(Object(App\Http\Controllers\WeatherController), Object(ReflectionMethod), Object(Upgate\LaravelJsonRpc\Server\RequestParams))
#11 /Users/vaso/htdocs/test_igor/weather_history/vendor/upgate/laravel-jsonrpc/src/Server/Server.php(174): Upgate\LaravelJsonRpc\Server\RouteDispatcher->dispatch(Object(Upgate\LaravelJsonRpc\Server\Route), Object(Upgate\LaravelJsonRpc\Server\RequestParams))
#12 /Users/vaso/htdocs/test_igor/weather_history/vendor/illuminate/pipeline/Pipeline.php(128): Upgate\LaravelJsonRpc\Server\Server->Upgate\LaravelJsonRpc\Server\{closure}(Object(Laravel\Lumen\Http\Request))
#13 /Users/vaso/htdocs/test_igor/weather_history/vendor/illuminate/pipeline/Pipeline.php(103): Illuminate\Pipeline\Pipeline->Illuminate\Pipeline\{closure}(Object(Laravel\Lumen\Http\Request))
#14 /Users/vaso/htdocs/test_igor/weather_history/vendor/upgate/laravel-jsonrpc/src/Server/MiddlewarePipelineDispatcher.php(37): Illuminate\Pipeline\Pipeline->then(Object(Closure))
#15 /Users/vaso/htdocs/test_igor/weather_history/vendor/upgate/laravel-jsonrpc/src/Server/Server.php(175): Upgate\LaravelJsonRpc\Server\MiddlewarePipelineDispatcher->dispatch(Object(Upgate\LaravelJsonRpc\Server\MiddlewaresCollection), Object(Laravel\Lumen\Http\Request), Object(Closure))
#16 /Users/vaso/htdocs/test_igor/weather_history/vendor/upgate/laravel-jsonrpc/src/Server/Request.php(84): Upgate\LaravelJsonRpc\Server\Server->execute(Object(Upgate\LaravelJsonRpc\Server\Request))
#17 /Users/vaso/htdocs/test_igor/weather_history/vendor/upgate/laravel-jsonrpc/src/Server/Server.php(142): Upgate\LaravelJsonRpc\Server\Request->executeWith(Object(Upgate\LaravelJsonRpc\Server\Server))
#18 /Users/vaso/htdocs/test_igor/weather_history/routes/web.php(31): Upgate\LaravelJsonRpc\Server\Server->run(Object(Laravel\Lumen\Http\Request))
#19 /Users/vaso/htdocs/test_igor/weather_history/vendor/illuminate/container/BoundMethod.php(36): Closure->{closure}(Object(Laravel\Lumen\Http\Request))
#20 /Users/vaso/htdocs/test_igor/weather_history/vendor/illuminate/container/Util.php(40): Illuminate\Container\BoundMethod::Illuminate\Container\{closure}()
#21 /Users/vaso/htdocs/test_igor/weather_history/vendor/illuminate/container/BoundMethod.php(81): Illuminate\Container\Util::unwrapIfClosure(Object(Closure))
#22 /Users/vaso/htdocs/test_igor/weather_history/vendor/illuminate/container/BoundMethod.php(37): Illuminate\Container\BoundMethod::callBoundMethod(Object(Laravel\Lumen\Application), Object(Closure), Object(Closure))
#23 /Users/vaso/htdocs/test_igor/weather_history/vendor/illuminate/container/Container.php(610): Illuminate\Container\BoundMethod::call(Object(Laravel\Lumen\Application), Object(Closure), Array, NULL)
#24 /Users/vaso/htdocs/test_igor/weather_history/vendor/laravel/lumen-framework/src/Concerns/RoutesRequests.php(299): Illuminate\Container\Container->call(Object(Closure), Array)
#25 /Users/vaso/htdocs/test_igor/weather_history/vendor/laravel/lumen-framework/src/Concerns/RoutesRequests.php(264): Laravel\Lumen\Application->callActionOnArrayBasedRoute(Array)
#26 /Users/vaso/htdocs/test_igor/weather_history/vendor/laravel/lumen-framework/src/Concerns/RoutesRequests.php(166): Laravel\Lumen\Application->handleFoundRoute(Array)
#27 /Users/vaso/htdocs/test_igor/weather_history/vendor/laravel/lumen-framework/src/Concerns/RoutesRequests.php(426): Laravel\Lumen\Application->Laravel\Lumen\Concerns\{closure}(Object(Laravel\Lumen\Http\Request))
#28 /Users/vaso/htdocs/test_igor/weather_history/vendor/laravel/lumen-framework/src/Concerns/RoutesRequests.php(172): Laravel\Lumen\Application->sendThroughPipeline(Array, Object(Closure))
#29 /Users/vaso/htdocs/test_igor/weather_history/vendor/laravel/lumen-framework/src/Concerns/RoutesRequests.php(109): Laravel\Lumen\Application->dispatch(NULL)
#30 /Users/vaso/htdocs/test_igor/weather_history/public/index.php(28): Laravel\Lumen\Application->run()
#31 {main}  
[2020-12-23 17:39:46] local.ERROR: Error: Call to a member function connection() on null in /Users/vaso/htdocs/test_igor/weather_history/vendor/illuminate/database/Eloquent/Model.php:1493
Stack trace:
#0 /Users/vaso/htdocs/test_igor/weather_history/vendor/illuminate/database/Eloquent/Model.php(1459): Illuminate\Database\Eloquent\Model::resolveConnection(NULL)
#1 /Users/vaso/htdocs/test_igor/weather_history/vendor/illuminate/database/Eloquent/Model.php(1266): Illuminate\Database\Eloquent\Model->getConnection()
#2 /Users/vaso/htdocs/test_igor/weather_history/vendor/illuminate/database/Eloquent/Model.php(1183): Illuminate\Database\Eloquent\Model->newBaseQueryBuilder()
#3 /Users/vaso/htdocs/test_igor/weather_history/vendor/illuminate/database/Eloquent/Model.php(1219): Illuminate\Database\Eloquent\Model->newModelQuery()
#4 /Users/vaso/htdocs/test_igor/weather_history/vendor/illuminate/database/Eloquent/Model.php(1172): Illuminate\Database\Eloquent\Model->newQueryWithoutScopes()
#5 /Users/vaso/htdocs/test_igor/weather_history/vendor/illuminate/database/Eloquent/Model.php(1162): Illuminate\Database\Eloquent\Model->newQuery()
#6 /Users/vaso/htdocs/test_igor/weather_history/app/Services/WeatherService.php(17): Illuminate\Database\Eloquent\Model::query()
#7 /Users/vaso/htdocs/test_igor/weather_history/app/Http/Controllers/WeatherController.php(20): App\Services\WeatherService->getByDate(Object(Carbon\Carbon))
#8 [internal function]: App\Http\Controllers\WeatherController->getByDate(Object(App\JsonRpcFormRequest\WeatherJsonRpcFormRequest))
#9 /Users/vaso/htdocs/test_igor/weather_history/vendor/upgate/laravel-jsonrpc/src/Server/RouteDispatcher.php(138): ReflectionMethod->invokeArgs(Object(App\Http\Controllers\WeatherController), Array)
#10 /Users/vaso/htdocs/test_igor/weather_history/vendor/upgate/laravel-jsonrpc/src/Server/RouteDispatcher.php(73): Upgate\LaravelJsonRpc\Server\RouteDispatcher->executeMethod(Object(App\Http\Controllers\WeatherController), Object(ReflectionMethod), Object(Upgate\LaravelJsonRpc\Server\RequestParams))
#11 /Users/vaso/htdocs/test_igor/weather_history/vendor/upgate/laravel-jsonrpc/src/Server/Server.php(174): Upgate\LaravelJsonRpc\Server\RouteDispatcher->dispatch(Object(Upgate\LaravelJsonRpc\Server\Route), Object(Upgate\LaravelJsonRpc\Server\RequestParams))
#12 /Users/vaso/htdocs/test_igor/weather_history/vendor/illuminate/pipeline/Pipeline.php(128): Upgate\LaravelJsonRpc\Server\Server->Upgate\LaravelJsonRpc\Server\{closure}(Object(Laravel\Lumen\Http\Request))
#13 /Users/vaso/htdocs/test_igor/weather_history/vendor/illuminate/pipeline/Pipeline.php(103): Illuminate\Pipeline\Pipeline->Illuminate\Pipeline\{closure}(Object(Laravel\Lumen\Http\Request))
#14 /Users/vaso/htdocs/test_igor/weather_history/vendor/upgate/laravel-jsonrpc/src/Server/MiddlewarePipelineDispatcher.php(37): Illuminate\Pipeline\Pipeline->then(Object(Closure))
#15 /Users/vaso/htdocs/test_igor/weather_history/vendor/upgate/laravel-jsonrpc/src/Server/Server.php(175): Upgate\LaravelJsonRpc\Server\MiddlewarePipelineDispatcher->dispatch(Object(Upgate\LaravelJsonRpc\Server\MiddlewaresCollection), Object(Laravel\Lumen\Http\Request), Object(Closure))
#16 /Users/vaso/htdocs/test_igor/weather_history/vendor/upgate/laravel-jsonrpc/src/Server/Request.php(84): Upgate\LaravelJsonRpc\Server\Server->execute(Object(Upgate\LaravelJsonRpc\Server\Request))
#17 /Users/vaso/htdocs/test_igor/weather_history/vendor/upgate/laravel-jsonrpc/src/Server/Server.php(142): Upgate\LaravelJsonRpc\Server\Request->executeWith(Object(Upgate\LaravelJsonRpc\Server\Server))
#18 /Users/vaso/htdocs/test_igor/weather_history/routes/web.php(31): Upgate\LaravelJsonRpc\Server\Server->run(Object(Laravel\Lumen\Http\Request))
#19 /Users/vaso/htdocs/test_igor/weather_history/vendor/illuminate/container/BoundMethod.php(36): Closure->{closure}(Object(Laravel\Lumen\Http\Request))
#20 /Users/vaso/htdocs/test_igor/weather_history/vendor/illuminate/container/Util.php(40): Illuminate\Container\BoundMethod::Illuminate\Container\{closure}()
#21 /Users/vaso/htdocs/test_igor/weather_history/vendor/illuminate/container/BoundMethod.php(81): Illuminate\Container\Util::unwrapIfClosure(Object(Closure))
#22 /Users/vaso/htdocs/test_igor/weather_history/vendor/illuminate/container/BoundMethod.php(37): Illuminate\Container\BoundMethod::callBoundMethod(Object(Laravel\Lumen\Application), Object(Closure), Object(Closure))
#23 /Users/vaso/htdocs/test_igor/weather_history/vendor/illuminate/container/Container.php(610): Illuminate\Container\BoundMethod::call(Object(Laravel\Lumen\Application), Object(Closure), Array, NULL)
#24 /Users/vaso/htdocs/test_igor/weather_history/vendor/laravel/lumen-framework/src/Concerns/RoutesRequests.php(299): Illuminate\Container\Container->call(Object(Closure), Array)
#25 /Users/vaso/htdocs/test_igor/weather_history/vendor/laravel/lumen-framework/src/Concerns/RoutesRequests.php(264): Laravel\Lumen\Application->callActionOnArrayBasedRoute(Array)
#26 /Users/vaso/htdocs/test_igor/weather_history/vendor/laravel/lumen-framework/src/Concerns/RoutesRequests.php(166): Laravel\Lumen\Application->handleFoundRoute(Array)
#27 /Users/vaso/htdocs/test_igor/weather_history/vendor/laravel/lumen-framework/src/Concerns/RoutesRequests.php(426): Laravel\Lumen\Application->Laravel\Lumen\Concerns\{closure}(Object(Laravel\Lumen\Http\Request))
#28 /Users/vaso/htdocs/test_igor/weather_history/vendor/laravel/lumen-framework/src/Concerns/RoutesRequests.php(172): Laravel\Lumen\Application->sendThroughPipeline(Array, Object(Closure))
#29 /Users/vaso/htdocs/test_igor/weather_history/vendor/laravel/lumen-framework/src/Concerns/RoutesRequests.php(109): Laravel\Lumen\Application->dispatch(NULL)
#30 /Users/vaso/htdocs/test_igor/weather_history/public/index.php(28): Laravel\Lumen\Application->run()
#31 {main}  
[2020-12-23 17:41:38] local.ERROR: Allowed memory size of 134217728 bytes exhausted (tried to allocate 119541760 bytes) {"exception":"[object] (Symfony\\Component\\ErrorHandler\\Error\\FatalError(code: 0): Allowed memory size of 134217728 bytes exhausted (tried to allocate 119541760 bytes) at /Users/vaso/htdocs/test_igor/weather_history/bootstrap/app.php:130)
[stacktrace]
#0 {main}
"} 
